<?xml version="1.0" encoding="UTF-8"?>
<!-- Generated by org.testng.reporters.JUnitReportReporter -->
<testsuite hostname="DESKTOP-0MQGFRC" failures="0" tests="3" name="com.juaracoding.week03.QuizDragDropTest" time="32.433" errors="0" timestamp="2025-06-03T16:51:18 WIB" skipped="1">
  <testcase classname="com.juaracoding.week03.QuizDragDropTest" name="rightDragdrop" time="16.290">
    <system-out>
      <![CDATA[<a href='c:\BelajarSelenium\Tugas_Week03/screenshots/rightDragdrop_before.png' target='_blank'>Screnshoot</a>
<br /><img src='c:\BelajarSelenium\Tugas_Week03/screenshots/rightDragdrop_before.png' style='width: 20vw;' />
<a href='c:\BelajarSelenium\Tugas_Week03/screenshots/rightDragdrop_after.png' target='_blank'>Screnshoot</a>
<br /><img src='c:\BelajarSelenium\Tugas_Week03/screenshots/rightDragdrop_after.png' style='width: 20vw;' />]]>
    </system-out>
  </testcase> <!-- rightDragdrop -->
  <testcase classname="com.juaracoding.week03.QuizDragDropTest" name="leftDragdrop" time="16.143">
    <system-out>
      <![CDATA[<a href='c:\BelajarSelenium\Tugas_Week03/screenshots/leftDragdrop_before.png' target='_blank'>Screnshoot</a>
<br /><img src='c:\BelajarSelenium\Tugas_Week03/screenshots/leftDragdrop_before.png' style='width: 20vw;' />
<a href='c:\BelajarSelenium\Tugas_Week03/screenshots/leftDragdrop_after.png' target='_blank'>Screnshoot</a>
<br /><img src='c:\BelajarSelenium\Tugas_Week03/screenshots/leftDragdrop_after.png' style='width: 20vw;' />]]>
    </system-out>
  </testcase> <!-- leftDragdrop -->
  <testcase classname="com.juaracoding.week03.QuizDragDropTest" name="testStep01">
    <skipped/>
  </testcase> <!-- testStep01 -->
  <system-out>
    <![CDATA[<a href='c:\BelajarSelenium\Tugas_Week03/screenshots/init_before.png' target='_blank'>Screnshoot</a>
<br /><img src='c:\BelajarSelenium\Tugas_Week03/screenshots/init_before.png' style='width: 20vw;' />
<a href='c:\BelajarSelenium\Tugas_Week03/screenshots/init_after.png' target='_blank'>Screnshoot</a>
<br /><img src='c:\BelajarSelenium\Tugas_Week03/screenshots/init_after.png' style='width: 20vw;' />
<a href='c:\BelajarSelenium\Tugas_Week03/screenshots/rightDragdrop_before.png' target='_blank'>Screnshoot</a>
<br /><img src='c:\BelajarSelenium\Tugas_Week03/screenshots/rightDragdrop_before.png' style='width: 20vw;' />
<a href='c:\BelajarSelenium\Tugas_Week03/screenshots/rightDragdrop_after.png' target='_blank'>Screnshoot</a>
<br /><img src='c:\BelajarSelenium\Tugas_Week03/screenshots/rightDragdrop_after.png' style='width: 20vw;' />
<a href='c:\BelajarSelenium\Tugas_Week03/screenshots/leftDragdrop_before.png' target='_blank'>Screnshoot</a>
<br /><img src='c:\BelajarSelenium\Tugas_Week03/screenshots/leftDragdrop_before.png' style='width: 20vw;' />
<a href='c:\BelajarSelenium\Tugas_Week03/screenshots/leftDragdrop_after.png' target='_blank'>Screnshoot</a>
<br /><img src='c:\BelajarSelenium\Tugas_Week03/screenshots/leftDragdrop_after.png' style='width: 20vw;' />]]>
  </system-out>
</testsuite> <!-- com.juaracoding.week03.QuizDragDropTest -->
